t=2021-08-12T21:54:37+0530 lvl=info msg="Starting Grafana" logger=server version=5.4.3 commit=6539180 branch=HEAD compiled=2019-01-14T19:56:26+0530
t=2021-08-12T21:54:37+0530 lvl=info msg="Config loaded from" logger=settings file=C:\\grafana-5.4.3/conf/defaults.ini
t=2021-08-12T21:54:37+0530 lvl=info msg="Path Home" logger=settings path=C:\\grafana-5.4.3
t=2021-08-12T21:54:37+0530 lvl=info msg="Path Data" logger=settings path=C:\\grafana-5.4.3\\data
t=2021-08-12T21:54:37+0530 lvl=info msg="Path Logs" logger=settings path=C:\\grafana-5.4.3\\data\\log
t=2021-08-12T21:54:37+0530 lvl=info msg="Path Plugins" logger=settings path=C:\\grafana-5.4.3\\data\\plugins
t=2021-08-12T21:54:37+0530 lvl=info msg="Path Provisioning" logger=settings path=C:\\grafana-5.4.3\\conf\\provisioning
t=2021-08-12T21:54:37+0530 lvl=info msg="App mode production" logger=settings
t=2021-08-12T21:54:37+0530 lvl=info msg="Initializing HTTPServer" logger=server
t=2021-08-12T21:54:37+0530 lvl=info msg="Initializing SqlStore" logger=server
t=2021-08-12T21:54:37+0530 lvl=info msg="Connecting to DB" logger=sqlstore dbtype=sqlite3
t=2021-08-12T21:54:37+0530 lvl=info msg="Starting DB migration" logger=migrator
t=2021-08-12T21:54:37+0530 lvl=info msg="Executing migration" logger=migrator id="create migration_log table"
t=2021-08-12T21:54:37+0530 lvl=info msg="Executing migration" logger=migrator id="create user table"
t=2021-08-12T21:54:37+0530 lvl=info msg="Executing migration" logger=migrator id="add unique index user.login"
t=2021-08-12T21:54:37+0530 lvl=info msg="Executing migration" logger=migrator id="add unique index user.email"
t=2021-08-12T21:54:37+0530 lvl=info msg="Executing migration" logger=migrator id="drop index UQE_user_login - v1"
t=2021-08-12T21:54:38+0530 lvl=info msg="Executing migration" logger=migrator id="drop index UQE_user_email - v1"
t=2021-08-12T21:54:38+0530 lvl=info msg="Executing migration" logger=migrator id="Rename table user to user_v1 - v1"
t=2021-08-12T21:54:38+0530 lvl=info msg="Executing migration" logger=migrator id="create user table v2"
t=2021-08-12T21:54:38+0530 lvl=info msg="Executing migration" logger=migrator id="create index UQE_user_login - v2"
t=2021-08-12T21:54:39+0530 lvl=info msg="Executing migration" logger=migrator id="create index UQE_user_email - v2"
t=2021-08-12T21:54:39+0530 lvl=info msg="Executing migration" logger=migrator id="copy data_source v1 to v2"
t=2021-08-12T21:54:39+0530 lvl=info msg="Executing migration" logger=migrator id="Drop old table user_v1"
t=2021-08-12T21:54:39+0530 lvl=info msg="Executing migration" logger=migrator id="Add column help_flags1 to user table"
t=2021-08-12T21:54:39+0530 lvl=info msg="Executing migration" logger=migrator id="Update user table charset"
t=2021-08-12T21:54:40+0530 lvl=info msg="Executing migration" logger=migrator id="Add last_seen_at column to user"
t=2021-08-12T21:54:40+0530 lvl=info msg="Executing migration" logger=migrator id="Add missing user data"
t=2021-08-12T21:54:40+0530 lvl=info msg="Executing migration" logger=migrator id="create temp user table v1-7"
t=2021-08-12T21:54:40+0530 lvl=info msg="Executing migration" logger=migrator id="create index IDX_temp_user_email - v1-7"
t=2021-08-12T21:54:40+0530 lvl=info msg="Executing migration" logger=migrator id="create index IDX_temp_user_org_id - v1-7"
t=2021-08-12T21:54:41+0530 lvl=info msg="Executing migration" logger=migrator id="create index IDX_temp_user_code - v1-7"
t=2021-08-12T21:54:41+0530 lvl=info msg="Executing migration" logger=migrator id="create index IDX_temp_user_status - v1-7"
t=2021-08-12T21:54:41+0530 lvl=info msg="Executing migration" logger=migrator id="Update temp_user table charset"
t=2021-08-12T21:54:41+0530 lvl=info msg="Executing migration" logger=migrator id="create star table"
t=2021-08-12T21:54:41+0530 lvl=info msg="Executing migration" logger=migrator id="add unique index star.user_id_dashboard_id"
t=2021-08-12T21:54:42+0530 lvl=info msg="Executing migration" logger=migrator id="create org table v1"
t=2021-08-12T21:54:42+0530 lvl=info msg="Executing migration" logger=migrator id="create index UQE_org_name - v1"
t=2021-08-12T21:54:42+0530 lvl=info msg="Executing migration" logger=migrator id="create org_user table v1"
t=2021-08-12T21:54:42+0530 lvl=info msg="Executing migration" logger=migrator id="create index IDX_org_user_org_id - v1"
t=2021-08-12T21:54:43+0530 lvl=info msg="Executing migration" logger=migrator id="create index UQE_org_user_org_id_user_id - v1"
t=2021-08-12T21:54:43+0530 lvl=info msg="Executing migration" logger=migrator id="Update org table charset"
t=2021-08-12T21:54:43+0530 lvl=info msg="Executing migration" logger=migrator id="Update org_user table charset"
t=2021-08-12T21:54:43+0530 lvl=info msg="Executing migration" logger=migrator id="Migrate all Read Only Viewers to Viewers"
t=2021-08-12T21:54:44+0530 lvl=info msg="Executing migration" logger=migrator id="create dashboard table"
t=2021-08-12T21:54:44+0530 lvl=info msg="Executing migration" logger=migrator id="add index dashboard.account_id"
t=2021-08-12T21:54:44+0530 lvl=info msg="Executing migration" logger=migrator id="add unique index dashboard_account_id_slug"
t=2021-08-12T21:54:44+0530 lvl=info msg="Executing migration" logger=migrator id="create dashboard_tag table"
t=2021-08-12T21:54:44+0530 lvl=info msg="Executing migration" logger=migrator id="add unique index dashboard_tag.dasboard_id_term"
t=2021-08-12T21:54:44+0530 lvl=info msg="Executing migration" logger=migrator id="drop index UQE_dashboard_tag_dashboard_id_term - v1"
t=2021-08-12T21:54:45+0530 lvl=info msg="Executing migration" logger=migrator id="Rename table dashboard to dashboard_v1 - v1"
t=2021-08-12T21:54:45+0530 lvl=info msg="Executing migration" logger=migrator id="create dashboard v2"
t=2021-08-12T21:54:45+0530 lvl=info msg="Executing migration" logger=migrator id="create index IDX_dashboard_org_id - v2"
t=2021-08-12T21:54:45+0530 lvl=info msg="Executing migration" logger=migrator id="create index UQE_dashboard_org_id_slug - v2"
t=2021-08-12T21:54:45+0530 lvl=info msg="Executing migration" logger=migrator id="copy dashboard v1 to v2"
t=2021-08-12T21:54:46+0530 lvl=info msg="Executing migration" logger=migrator id="drop table dashboard_v1"
t=2021-08-12T21:54:46+0530 lvl=info msg="Executing migration" logger=migrator id="alter dashboard.data to mediumtext v1"
t=2021-08-12T21:54:46+0530 lvl=info msg="Executing migration" logger=migrator id="Add column updated_by in dashboard - v2"
t=2021-08-12T21:54:46+0530 lvl=info msg="Executing migration" logger=migrator id="Add column created_by in dashboard - v2"
t=2021-08-12T21:54:46+0530 lvl=info msg="Executing migration" logger=migrator id="Add column gnetId in dashboard"
t=2021-08-12T21:54:47+0530 lvl=info msg="Executing migration" logger=migrator id="Add index for gnetId in dashboard"
t=2021-08-12T21:54:47+0530 lvl=info msg="Executing migration" logger=migrator id="Add column plugin_id in dashboard"
t=2021-08-12T21:54:47+0530 lvl=info msg="Executing migration" logger=migrator id="Add index for plugin_id in dashboard"
t=2021-08-12T21:54:47+0530 lvl=info msg="Executing migration" logger=migrator id="Add index for dashboard_id in dashboard_tag"
t=2021-08-12T21:54:47+0530 lvl=info msg="Executing migration" logger=migrator id="Update dashboard table charset"
t=2021-08-12T21:54:47+0530 lvl=info msg="Executing migration" logger=migrator id="Update dashboard_tag table charset"
t=2021-08-12T21:54:47+0530 lvl=info msg="Executing migration" logger=migrator id="Add column folder_id in dashboard"
t=2021-08-12T21:54:47+0530 lvl=info msg="Executing migration" logger=migrator id="Add column isFolder in dashboard"
t=2021-08-12T21:54:48+0530 lvl=info msg="Executing migration" logger=migrator id="Add column has_acl in dashboard"
t=2021-08-12T21:54:48+0530 lvl=info msg="Executing migration" logger=migrator id="Add column uid in dashboard"
t=2021-08-12T21:54:48+0530 lvl=info msg="Executing migration" logger=migrator id="Update uid column values in dashboard"
t=2021-08-12T21:54:48+0530 lvl=info msg="Executing migration" logger=migrator id="Add unique index dashboard_org_id_uid"
t=2021-08-12T21:54:49+0530 lvl=info msg="Executing migration" logger=migrator id="Remove unique index org_id_slug"
t=2021-08-12T21:54:49+0530 lvl=info msg="Executing migration" logger=migrator id="Update dashboard title length"
t=2021-08-12T21:54:49+0530 lvl=info msg="Executing migration" logger=migrator id="Add unique index for dashboard_org_id_title_folder_id"
t=2021-08-12T21:54:49+0530 lvl=info msg="Executing migration" logger=migrator id="create dashboard_provisioning"
t=2021-08-12T21:54:49+0530 lvl=info msg="Executing migration" logger=migrator id="Rename table dashboard_provisioning to dashboard_provisioning_tmp_qwerty - v1"
t=2021-08-12T21:54:50+0530 lvl=info msg="Executing migration" logger=migrator id="create dashboard_provisioning v2"
t=2021-08-12T21:54:50+0530 lvl=info msg="Executing migration" logger=migrator id="create index IDX_dashboard_provisioning_dashboard_id - v2"
t=2021-08-12T21:54:50+0530 lvl=info msg="Executing migration" logger=migrator id="create index IDX_dashboard_provisioning_dashboard_id_name - v2"
t=2021-08-12T21:54:50+0530 lvl=info msg="Executing migration" logger=migrator id="copy dashboard_provisioning v1 to v2"
t=2021-08-12T21:54:50+0530 lvl=info msg="Executing migration" logger=migrator id="drop dashboard_provisioning_tmp_qwerty"
t=2021-08-12T21:54:50+0530 lvl=info msg="Executing migration" logger=migrator id="Add check_sum column"
t=2021-08-12T21:54:51+0530 lvl=info msg="Executing migration" logger=migrator id="create data_source table"
t=2021-08-12T21:54:51+0530 lvl=info msg="Executing migration" logger=migrator id="add index data_source.account_id"
t=2021-08-12T21:54:51+0530 lvl=info msg="Executing migration" logger=migrator id="add unique index data_source.account_id_name"
t=2021-08-12T21:54:51+0530 lvl=info msg="Executing migration" logger=migrator id="drop index IDX_data_source_account_id - v1"
t=2021-08-12T21:54:51+0530 lvl=info msg="Executing migration" logger=migrator id="drop index UQE_data_source_account_id_name - v1"
t=2021-08-12T21:54:52+0530 lvl=info msg="Executing migration" logger=migrator id="Rename table data_source to data_source_v1 - v1"
t=2021-08-12T21:54:52+0530 lvl=info msg="Executing migration" logger=migrator id="create data_source table v2"
t=2021-08-12T21:54:52+0530 lvl=info msg="Executing migration" logger=migrator id="create index IDX_data_source_org_id - v2"
t=2021-08-12T21:54:53+0530 lvl=info msg="Executing migration" logger=migrator id="create index UQE_data_source_org_id_name - v2"
t=2021-08-12T21:54:53+0530 lvl=info msg="Executing migration" logger=migrator id="copy data_source v1 to v2"
t=2021-08-12T21:54:53+0530 lvl=info msg="Executing migration" logger=migrator id="Drop old table data_source_v1 #2"
t=2021-08-12T21:54:53+0530 lvl=info msg="Executing migration" logger=migrator id="Add column with_credentials"
t=2021-08-12T21:54:54+0530 lvl=info msg="Executing migration" logger=migrator id="Add secure json data column"
t=2021-08-12T21:54:54+0530 lvl=info msg="Executing migration" logger=migrator id="Update data_source table charset"
t=2021-08-12T21:54:54+0530 lvl=info msg="Executing migration" logger=migrator id="Update initial version to 1"
t=2021-08-12T21:54:54+0530 lvl=info msg="Executing migration" logger=migrator id="Add read_only data column"
t=2021-08-12T21:54:55+0530 lvl=info msg="Executing migration" logger=migrator id="create api_key table"
t=2021-08-12T21:54:55+0530 lvl=info msg="Executing migration" logger=migrator id="add index api_key.account_id"
t=2021-08-12T21:54:55+0530 lvl=info msg="Executing migration" logger=migrator id="add index api_key.key"
t=2021-08-12T21:54:55+0530 lvl=info msg="Executing migration" logger=migrator id="add index api_key.account_id_name"
t=2021-08-12T21:54:56+0530 lvl=info msg="Executing migration" logger=migrator id="drop index IDX_api_key_account_id - v1"
t=2021-08-12T21:54:56+0530 lvl=info msg="Executing migration" logger=migrator id="drop index UQE_api_key_key - v1"
t=2021-08-12T21:54:56+0530 lvl=info msg="Executing migration" logger=migrator id="drop index UQE_api_key_account_id_name - v1"
t=2021-08-12T21:54:56+0530 lvl=info msg="Executing migration" logger=migrator id="Rename table api_key to api_key_v1 - v1"
t=2021-08-12T21:54:57+0530 lvl=info msg="Executing migration" logger=migrator id="create api_key table v2"
t=2021-08-12T21:54:57+0530 lvl=info msg="Executing migration" logger=migrator id="create index IDX_api_key_org_id - v2"
t=2021-08-12T21:54:57+0530 lvl=info msg="Executing migration" logger=migrator id="create index UQE_api_key_key - v2"
t=2021-08-12T21:54:57+0530 lvl=info msg="Executing migration" logger=migrator id="create index UQE_api_key_org_id_name - v2"
t=2021-08-12T21:54:57+0530 lvl=info msg="Executing migration" logger=migrator id="copy api_key v1 to v2"
t=2021-08-12T21:54:58+0530 lvl=info msg="Executing migration" logger=migrator id="Drop old table api_key_v1"
t=2021-08-12T21:54:58+0530 lvl=info msg="Executing migration" logger=migrator id="Update api_key table charset"
t=2021-08-12T21:54:58+0530 lvl=info msg="Executing migration" logger=migrator id="create dashboard_snapshot table v4"
t=2021-08-12T21:54:58+0530 lvl=info msg="Executing migration" logger=migrator id="drop table dashboard_snapshot_v4 #1"
t=2021-08-12T21:54:58+0530 lvl=info msg="Executing migration" logger=migrator id="create dashboard_snapshot table v5 #2"
t=2021-08-12T21:54:59+0530 lvl=info msg="Executing migration" logger=migrator id="create index UQE_dashboard_snapshot_key - v5"
t=2021-08-12T21:54:59+0530 lvl=info msg="Executing migration" logger=migrator id="create index UQE_dashboard_snapshot_delete_key - v5"
t=2021-08-12T21:54:59+0530 lvl=info msg="Executing migration" logger=migrator id="create index IDX_dashboard_snapshot_user_id - v5"
t=2021-08-12T21:54:59+0530 lvl=info msg="Executing migration" logger=migrator id="alter dashboard_snapshot to mediumtext v2"
t=2021-08-12T21:54:59+0530 lvl=info msg="Executing migration" logger=migrator id="Update dashboard_snapshot table charset"
t=2021-08-12T21:55:00+0530 lvl=info msg="Executing migration" logger=migrator id="create quota table v1"
t=2021-08-12T21:55:00+0530 lvl=info msg="Executing migration" logger=migrator id="create index UQE_quota_org_id_user_id_target - v1"
t=2021-08-12T21:55:00+0530 lvl=info msg="Executing migration" logger=migrator id="Update quota table charset"
t=2021-08-12T21:55:00+0530 lvl=info msg="Executing migration" logger=migrator id="create plugin_setting table"
t=2021-08-12T21:55:01+0530 lvl=info msg="Executing migration" logger=migrator id="create index UQE_plugin_setting_org_id_plugin_id - v1"
t=2021-08-12T21:55:01+0530 lvl=info msg="Executing migration" logger=migrator id="Add column plugin_version to plugin_settings"
t=2021-08-12T21:55:01+0530 lvl=info msg="Executing migration" logger=migrator id="Update plugin_setting table charset"
t=2021-08-12T21:55:01+0530 lvl=info msg="Executing migration" logger=migrator id="create session table"
t=2021-08-12T21:55:01+0530 lvl=info msg="Executing migration" logger=migrator id="Drop old table playlist table"
t=2021-08-12T21:55:01+0530 lvl=info msg="Executing migration" logger=migrator id="Drop old table playlist_item table"
t=2021-08-12T21:55:02+0530 lvl=info msg="Executing migration" logger=migrator id="create playlist table v2"
t=2021-08-12T21:55:02+0530 lvl=info msg="Executing migration" logger=migrator id="create playlist item table v2"
t=2021-08-12T21:55:02+0530 lvl=info msg="Executing migration" logger=migrator id="Update playlist table charset"
t=2021-08-12T21:55:02+0530 lvl=info msg="Executing migration" logger=migrator id="Update playlist_item table charset"
t=2021-08-12T21:55:02+0530 lvl=info msg="Executing migration" logger=migrator id="drop preferences table v2"
t=2021-08-12T21:55:02+0530 lvl=info msg="Executing migration" logger=migrator id="drop preferences table v3"
t=2021-08-12T21:55:03+0530 lvl=info msg="Executing migration" logger=migrator id="create preferences table v3"
t=2021-08-12T21:55:03+0530 lvl=info msg="Executing migration" logger=migrator id="Update preferences table charset"
t=2021-08-12T21:55:03+0530 lvl=info msg="Executing migration" logger=migrator id="Add column team_id in preferences"
t=2021-08-12T21:55:03+0530 lvl=info msg="Executing migration" logger=migrator id="Update team_id column values in preferences"
t=2021-08-12T21:55:03+0530 lvl=info msg="Executing migration" logger=migrator id="create alert table v1"
t=2021-08-12T21:55:03+0530 lvl=info msg="Executing migration" logger=migrator id="add index alert org_id & id "
t=2021-08-12T21:55:04+0530 lvl=info msg="Executing migration" logger=migrator id="add index alert state"
t=2021-08-12T21:55:04+0530 lvl=info msg="Executing migration" logger=migrator id="add index alert dashboard_id"
t=2021-08-12T21:55:04+0530 lvl=info msg="Executing migration" logger=migrator id="create alert_notification table v1"
t=2021-08-12T21:55:04+0530 lvl=info msg="Executing migration" logger=migrator id="Add column is_default"
t=2021-08-12T21:55:04+0530 lvl=info msg="Executing migration" logger=migrator id="Add column frequency"
t=2021-08-12T21:55:05+0530 lvl=info msg="Executing migration" logger=migrator id="Add column send_reminder"
t=2021-08-12T21:55:05+0530 lvl=info msg="Executing migration" logger=migrator id="Add column disable_resolve_message"
t=2021-08-12T21:55:05+0530 lvl=info msg="Executing migration" logger=migrator id="add index alert_notification org_id & name"
t=2021-08-12T21:55:05+0530 lvl=info msg="Executing migration" logger=migrator id="Update alert table charset"
t=2021-08-12T21:55:05+0530 lvl=info msg="Executing migration" logger=migrator id="Update alert_notification table charset"
t=2021-08-12T21:55:06+0530 lvl=info msg="Executing migration" logger=migrator id="create notification_journal table v1"
t=2021-08-12T21:55:06+0530 lvl=info msg="Executing migration" logger=migrator id="add index notification_journal org_id & alert_id & notifier_id"
t=2021-08-12T21:55:06+0530 lvl=info msg="Executing migration" logger=migrator id="drop alert_notification_journal"
t=2021-08-12T21:55:06+0530 lvl=info msg="Executing migration" logger=migrator id="create alert_notification_state table v1"
t=2021-08-12T21:55:06+0530 lvl=info msg="Executing migration" logger=migrator id="add index alert_notification_state org_id & alert_id & notifier_id"
t=2021-08-12T21:55:07+0530 lvl=info msg="Executing migration" logger=migrator id="Add for to alert table"
t=2021-08-12T21:55:07+0530 lvl=info msg="Executing migration" logger=migrator id="Drop old annotation table v4"
t=2021-08-12T21:55:07+0530 lvl=info msg="Executing migration" logger=migrator id="create annotation table v5"
t=2021-08-12T21:55:07+0530 lvl=info msg="Executing migration" logger=migrator id="add index annotation 0 v3"
t=2021-08-12T21:55:08+0530 lvl=info msg="Executing migration" logger=migrator id="add index annotation 1 v3"
t=2021-08-12T21:55:08+0530 lvl=info msg="Executing migration" logger=migrator id="add index annotation 2 v3"
t=2021-08-12T21:55:08+0530 lvl=info msg="Executing migration" logger=migrator id="add index annotation 3 v3"
t=2021-08-12T21:55:08+0530 lvl=info msg="Executing migration" logger=migrator id="add index annotation 4 v3"
t=2021-08-12T21:55:08+0530 lvl=info msg="Executing migration" logger=migrator id="Update annotation table charset"
t=2021-08-12T21:55:09+0530 lvl=info msg="Executing migration" logger=migrator id="Add column region_id to annotation table"
t=2021-08-12T21:55:09+0530 lvl=info msg="Executing migration" logger=migrator id="Drop category_id index"
t=2021-08-12T21:55:09+0530 lvl=info msg="Executing migration" logger=migrator id="Add column tags to annotation table"
t=2021-08-12T21:55:09+0530 lvl=info msg="Executing migration" logger=migrator id="Create annotation_tag table v2"
t=2021-08-12T21:55:09+0530 lvl=info msg="Executing migration" logger=migrator id="Add unique index annotation_tag.annotation_id_tag_id"
t=2021-08-12T21:55:09+0530 lvl=info msg="Executing migration" logger=migrator id="Update alert annotations and set TEXT to empty"
t=2021-08-12T21:55:10+0530 lvl=info msg="Executing migration" logger=migrator id="Add created time to annotation table"
t=2021-08-12T21:55:10+0530 lvl=info msg="Executing migration" logger=migrator id="Add updated time to annotation table"
t=2021-08-12T21:55:10+0530 lvl=info msg="Executing migration" logger=migrator id="Add index for created in annotation table"
t=2021-08-12T21:55:10+0530 lvl=info msg="Executing migration" logger=migrator id="Add index for updated in annotation table"
t=2021-08-12T21:55:10+0530 lvl=info msg="Executing migration" logger=migrator id="Convert existing annotations from seconds to milliseconds"
t=2021-08-12T21:55:11+0530 lvl=info msg="Executing migration" logger=migrator id="create test_data table"
t=2021-08-12T21:55:11+0530 lvl=info msg="Executing migration" logger=migrator id="create dashboard_version table v1"
t=2021-08-12T21:55:11+0530 lvl=info msg="Executing migration" logger=migrator id="add index dashboard_version.dashboard_id"
t=2021-08-12T21:55:11+0530 lvl=info msg="Executing migration" logger=migrator id="add unique index dashboard_version.dashboard_id and dashboard_version.version"
t=2021-08-12T21:55:11+0530 lvl=info msg="Executing migration" logger=migrator id="Set dashboard version to 1 where 0"
t=2021-08-12T21:55:11+0530 lvl=info msg="Executing migration" logger=migrator id="save existing dashboard data in dashboard_version table v1"
t=2021-08-12T21:55:12+0530 lvl=info msg="Executing migration" logger=migrator id="alter dashboard_version.data to mediumtext v1"
t=2021-08-12T21:55:12+0530 lvl=info msg="Executing migration" logger=migrator id="create team table"
t=2021-08-12T21:55:12+0530 lvl=info msg="Executing migration" logger=migrator id="add index team.org_id"
t=2021-08-12T21:55:12+0530 lvl=info msg="Executing migration" logger=migrator id="add unique index team_org_id_name"
t=2021-08-12T21:55:12+0530 lvl=info msg="Executing migration" logger=migrator id="create team member table"
t=2021-08-12T21:55:13+0530 lvl=info msg="Executing migration" logger=migrator id="add index team_member.org_id"
t=2021-08-12T21:55:13+0530 lvl=info msg="Executing migration" logger=migrator id="add unique index team_member_org_id_team_id_user_id"
t=2021-08-12T21:55:13+0530 lvl=info msg="Executing migration" logger=migrator id="Add column email to team table"
t=2021-08-12T21:55:13+0530 lvl=info msg="Executing migration" logger=migrator id="Add column external to team_member table"
t=2021-08-12T21:55:14+0530 lvl=info msg="Executing migration" logger=migrator id="create dashboard acl table"
t=2021-08-12T21:55:14+0530 lvl=info msg="Executing migration" logger=migrator id="add index dashboard_acl_dashboard_id"
t=2021-08-12T21:55:14+0530 lvl=info msg="Executing migration" logger=migrator id="add unique index dashboard_acl_dashboard_id_user_id"
t=2021-08-12T21:55:14+0530 lvl=info msg="Executing migration" logger=migrator id="add unique index dashboard_acl_dashboard_id_team_id"
t=2021-08-12T21:55:14+0530 lvl=info msg="Executing migration" logger=migrator id="save default acl rules in dashboard_acl table"
t=2021-08-12T21:55:15+0530 lvl=info msg="Executing migration" logger=migrator id="create tag table"
t=2021-08-12T21:55:15+0530 lvl=info msg="Executing migration" logger=migrator id="add index tag.key_value"
t=2021-08-12T21:55:15+0530 lvl=info msg="Executing migration" logger=migrator id="create login attempt table"
t=2021-08-12T21:55:15+0530 lvl=info msg="Executing migration" logger=migrator id="add index login_attempt.username"
t=2021-08-12T21:55:16+0530 lvl=info msg="Executing migration" logger=migrator id="drop index IDX_login_attempt_username - v1"
t=2021-08-12T21:55:16+0530 lvl=info msg="Executing migration" logger=migrator id="Rename table login_attempt to login_attempt_tmp_qwerty - v1"
t=2021-08-12T21:55:16+0530 lvl=info msg="Executing migration" logger=migrator id="create login_attempt v2"
t=2021-08-12T21:55:16+0530 lvl=info msg="Executing migration" logger=migrator id="create index IDX_login_attempt_username - v2"
t=2021-08-12T21:55:16+0530 lvl=info msg="Executing migration" logger=migrator id="copy login_attempt v1 to v2"
t=2021-08-12T21:55:17+0530 lvl=info msg="Executing migration" logger=migrator id="drop login_attempt_tmp_qwerty"
t=2021-08-12T21:55:17+0530 lvl=info msg="Executing migration" logger=migrator id="create user auth table"
t=2021-08-12T21:55:17+0530 lvl=info msg="Executing migration" logger=migrator id="create index IDX_user_auth_auth_module_auth_id - v1"
t=2021-08-12T21:55:18+0530 lvl=info msg="Executing migration" logger=migrator id="alter user_auth.auth_id to length 190"
t=2021-08-12T21:55:18+0530 lvl=info msg="Created default admin" logger=sqlstore user=admin
t=2021-08-12T21:55:18+0530 lvl=info msg="Initializing SearchService" logger=server
t=2021-08-12T21:55:18+0530 lvl=info msg="Initializing RenderingService" logger=server
t=2021-08-12T21:55:18+0530 lvl=info msg="Initializing AlertingService" logger=server
t=2021-08-12T21:55:18+0530 lvl=info msg="Initializing DatasourceCacheService" logger=server
t=2021-08-12T21:55:18+0530 lvl=info msg="Initializing HooksService" logger=server
t=2021-08-12T21:55:18+0530 lvl=info msg="Initializing InternalMetricsService" logger=server
t=2021-08-12T21:55:18+0530 lvl=info msg="Initializing CleanUpService" logger=server
t=2021-08-12T21:55:18+0530 lvl=info msg="Initializing NotificationService" logger=server
t=2021-08-12T21:55:19+0530 lvl=info msg="Initializing ProvisioningService" logger=server
t=2021-08-12T21:55:19+0530 lvl=info msg="Initializing PluginManager" logger=server
t=2021-08-12T21:55:19+0530 lvl=info msg="Starting plugin search" logger=plugins
t=2021-08-12T21:55:19+0530 lvl=info msg="Plugin dir created" logger=plugins dir=C:\\grafana-5.4.3\\data\\plugins
t=2021-08-12T21:55:19+0530 lvl=info msg="Initializing TracingService" logger=server
t=2021-08-12T21:55:20+0530 lvl=info msg="Initializing Stream Manager"
t=2021-08-12T21:55:20+0530 lvl=info msg="HTTP Server Listen" logger=http.server address=0.0.0.0:3000 protocol=http subUrl= socket=
t=2021-08-12T22:05:51+0530 lvl=info msg="Request Completed" logger=context userId=0 orgId=0 uname= method=GET path=/ status=302 remote_addr=[::1] time_ms=124 size=29 referer=
t=2021-08-13T09:36:15+0530 lvl=info msg="Starting Grafana" logger=server version=5.4.3 commit=6539180 branch=HEAD compiled=2019-01-14T19:56:26+0530
t=2021-08-13T09:36:15+0530 lvl=info msg="Config loaded from" logger=settings file=C:\\grafana-5.4.3/conf/defaults.ini
t=2021-08-13T09:36:15+0530 lvl=info msg="Path Home" logger=settings path=C:\\grafana-5.4.3
t=2021-08-13T09:36:15+0530 lvl=info msg="Path Data" logger=settings path=C:\\grafana-5.4.3\\data
t=2021-08-13T09:36:15+0530 lvl=info msg="Path Logs" logger=settings path=C:\\grafana-5.4.3\\data\\log
t=2021-08-13T09:36:15+0530 lvl=info msg="Path Plugins" logger=settings path=C:\\grafana-5.4.3\\data\\plugins
t=2021-08-13T09:36:15+0530 lvl=info msg="Path Provisioning" logger=settings path=C:\\grafana-5.4.3\\conf\\provisioning
t=2021-08-13T09:36:15+0530 lvl=info msg="App mode production" logger=settings
t=2021-08-13T09:36:15+0530 lvl=info msg="Initializing HTTPServer" logger=server
t=2021-08-13T09:36:15+0530 lvl=info msg="Initializing SqlStore" logger=server
t=2021-08-13T09:36:15+0530 lvl=info msg="Connecting to DB" logger=sqlstore dbtype=sqlite3
t=2021-08-13T09:36:15+0530 lvl=info msg="Starting DB migration" logger=migrator
t=2021-08-13T09:36:15+0530 lvl=info msg="Initializing SearchService" logger=server
t=2021-08-13T09:36:15+0530 lvl=info msg="Initializing RenderingService" logger=server
t=2021-08-13T09:36:15+0530 lvl=info msg="Initializing AlertingService" logger=server
t=2021-08-13T09:36:15+0530 lvl=info msg="Initializing DatasourceCacheService" logger=server
t=2021-08-13T09:36:15+0530 lvl=info msg="Initializing HooksService" logger=server
t=2021-08-13T09:36:15+0530 lvl=info msg="Initializing InternalMetricsService" logger=server
t=2021-08-13T09:36:15+0530 lvl=info msg="Initializing CleanUpService" logger=server
t=2021-08-13T09:36:15+0530 lvl=info msg="Initializing NotificationService" logger=server
t=2021-08-13T09:36:16+0530 lvl=info msg="Initializing ProvisioningService" logger=server
t=2021-08-13T09:36:16+0530 lvl=info msg="Initializing PluginManager" logger=server
t=2021-08-13T09:36:16+0530 lvl=info msg="Starting plugin search" logger=plugins
t=2021-08-13T09:36:16+0530 lvl=info msg="Initializing TracingService" logger=server
t=2021-08-13T09:36:17+0530 lvl=info msg="Initializing Stream Manager"
t=2021-08-13T09:36:17+0530 lvl=info msg="HTTP Server Listen" logger=http.server address=0.0.0.0:3000 protocol=http subUrl= socket=
t=2021-08-13T09:36:36+0530 lvl=info msg="Request Completed" logger=context userId=0 orgId=0 uname= method=GET path=/ status=302 remote_addr=[::1] time_ms=133 size=29 referer=
t=2021-08-13T09:40:27+0530 lvl=eror msg="Invalid username or password" logger=context userId=0 orgId=0 uname= error="Invalid Username or Password"
t=2021-08-13T09:40:27+0530 lvl=info msg="Request Completed" logger=context userId=0 orgId=0 uname= method=POST path=/login status=401 remote_addr=[::1] time_ms=460 size=42 referer=http://localhost:3000/login
t=2021-08-13T10:33:09+0530 lvl=info msg="Request Completed" logger=context userId=1 orgId=1 uname=admin method=GET path=/favicon.ico status=404 remote_addr=[::1] time_ms=45 size=24281 referer=http://localhost:3000/public/img/ionotical-2.svg
t=2021-08-13T10:33:14+0530 lvl=info msg="Request Completed" logger=context userId=1 orgId=1 uname=admin method=GET path=/{{team.avatarUrl}} status=404 remote_addr=[::1] time_ms=21 size=24281 referer=http://localhost:3000/profile
t=2021-08-13T10:33:16+0530 lvl=info msg="Request Completed" logger=context userId=1 orgId=1 uname=admin method=GET path=/logout status=302 remote_addr=[::1] time_ms=8 size=29 referer=http://localhost:3000/profile
t=2021-08-13T10:46:26+0530 lvl=info msg="Database table locked, sleeping then retrying" logger=sqlstore retry=0
t=2021-08-13T10:46:26+0530 lvl=info msg="Database table locked, sleeping then retrying" logger=sqlstore retry=0
t=2021-08-13T10:46:26+0530 lvl=info msg="Database table locked, sleeping then retrying" logger=sqlstore retry=0
t=2021-08-13T10:46:26+0530 lvl=info msg="Database table locked, sleeping then retrying" logger=sqlstore retry=1
t=2021-08-13T10:46:26+0530 lvl=info msg="Request Completed" logger=context userId=1 orgId=1 uname=admin method=GET path=/{{team.avatarUrl}} status=404 remote_addr=[::1] time_ms=570 size=24281 referer=http://localhost:3000/profile
t=2021-08-13T10:46:35+0530 lvl=info msg="Request Completed" logger=context userId=1 orgId=1 uname=admin method=GET path=/{{team.avatarUrl}} status=404 remote_addr=[::1] time_ms=95 size=24282 referer=http://localhost:3000/profile
t=2021-08-13T10:54:15+0530 lvl=info msg="Request Completed" logger=context userId=1 orgId=1 uname=admin method=GET path=/{{team.avatarUrl}} status=404 remote_addr=[::1] time_ms=380 size=24282 referer=http://localhost:3000/profile
t=2021-08-13T11:01:38+0530 lvl=info msg="Request Completed" logger=context userId=1 orgId=1 uname=admin method=GET path=/{{team.avatarUrl}} status=404 remote_addr=[::1] time_ms=232 size=24282 referer=http://localhost:3000/profile
t=2021-08-13T11:02:14+0530 lvl=info msg="Request Completed" logger=context userId=1 orgId=1 uname=admin method=GET path=/{{team.avatarUrl}} status=404 remote_addr=[::1] time_ms=5 size=24282 referer=http://localhost:3000/profile
t=2021-08-13T11:04:19+0530 lvl=info msg="Request Completed" logger=context userId=1 orgId=1 uname=admin method=GET path=/{{team.avatarUrl}} status=404 remote_addr=[::1] time_ms=6 size=24282 referer=http://localhost:3000/profile
t=2021-08-13T11:04:24+0530 lvl=info msg="Request Completed" logger=context userId=1 orgId=1 uname=admin method=GET path=/{{team.avatarUrl}} status=404 remote_addr=[::1] time_ms=39 size=24282 referer=http://localhost:3000/profile
t=2021-08-13T11:05:13+0530 lvl=info msg="Request Completed" logger=context userId=1 orgId=1 uname=admin method=GET path=/{{team.avatarUrl}} status=404 remote_addr=[::1] time_ms=6 size=24281 referer=http://localhost:3000/profile
t=2021-08-13T11:07:17+0530 lvl=info msg="Request Completed" logger=context userId=1 orgId=1 uname=admin method=GET path=/{{team.avatarUrl}} status=404 remote_addr=[::1] time_ms=724 size=24281 referer=http://localhost:3000/profile
t=2021-08-13T11:07:23+0530 lvl=info msg="Request Completed" logger=context userId=1 orgId=1 uname=admin method=GET path=/{{team.avatarUrl}} status=404 remote_addr=[::1] time_ms=5 size=24281 referer=http://localhost:3000/profile
t=2021-08-13T11:07:35+0530 lvl=info msg="Request Completed" logger=context userId=1 orgId=1 uname=admin method=GET path=/{{team.avatarUrl}} status=404 remote_addr=[::1] time_ms=19 size=24282 referer=http://localhost:3000/profile
t=2021-08-13T11:07:42+0530 lvl=info msg="Request Completed" logger=context userId=1 orgId=1 uname=admin method=GET path=/{{team.avatarUrl}} status=404 remote_addr=[::1] time_ms=4 size=24281 referer=http://localhost:3000/profile
t=2021-08-13T11:07:48+0530 lvl=info msg="Request Completed" logger=context userId=1 orgId=1 uname=admin method=GET path=/logout status=302 remote_addr=[::1] time_ms=8 size=29 referer=http://localhost:3000/profile
t=2021-08-13T11:20:15+0530 lvl=info msg="Request Completed" logger=context userId=1 orgId=1 uname=admin method=GET path=/{{team.avatarUrl}} status=404 remote_addr=[::1] time_ms=23 size=24281 referer=http://localhost:3000/profile
t=2021-08-13T11:20:20+0530 lvl=info msg="Request Completed" logger=context userId=1 orgId=1 uname=admin method=GET path=/{{team.avatarUrl}} status=404 remote_addr=[::1] time_ms=8 size=24282 referer=http://localhost:3000/profile
t=2021-08-13T11:43:35+0530 lvl=info msg="Request Completed" logger=context userId=1 orgId=1 uname=admin method=GET path=/logout status=302 remote_addr=[::1] time_ms=170 size=29 referer="http://localhost:3000/?orgId=1"
t=2021-08-13T12:31:14+0530 lvl=info msg="Request Completed" logger=context userId=1 orgId=1 uname=admin method=GET path=/{{team.avatarUrl}} status=404 remote_addr=[::1] time_ms=50 size=24282 referer=http://localhost:3000/profile
t=2021-08-13T13:08:30+0530 lvl=info msg="Request Completed" logger=context userId=1 orgId=1 uname=admin method=GET path=/{{team.avatarUrl}} status=404 remote_addr=[::1] time_ms=708 size=24282 referer=http://localhost:3000/profile
t=2021-08-13T13:08:37+0530 lvl=info msg="Request Completed" logger=context userId=1 orgId=1 uname=admin method=GET path=/{{team.avatarUrl}} status=404 remote_addr=[::1] time_ms=68 size=24282 referer=http://localhost:3000/profile
t=2021-08-13T13:09:02+0530 lvl=info msg="Request Completed" logger=context userId=1 orgId=1 uname=admin method=GET path=/{{team.avatarUrl}} status=404 remote_addr=[::1] time_ms=8 size=24282 referer=http://localhost:3000/profile
t=2021-08-13T13:09:08+0530 lvl=info msg="Request Completed" logger=context userId=1 orgId=1 uname=admin method=GET path=/{{team.avatarUrl}} status=404 remote_addr=[::1] time_ms=13 size=24282 referer=http://localhost:3000/profile
t=2021-08-13T13:10:06+0530 lvl=info msg="Request Completed" logger=context userId=1 orgId=1 uname=admin method=GET path=/{{team.avatarUrl}} status=404 remote_addr=[::1] time_ms=8 size=24282 referer=http://localhost:3000/profile
t=2021-08-13T13:10:12+0530 lvl=info msg="Request Completed" logger=context userId=1 orgId=1 uname=admin method=GET path=/{{team.avatarUrl}} status=404 remote_addr=[::1] time_ms=58 size=24282 referer=http://localhost:3000/profile
t=2021-08-13T13:46:14+0530 lvl=info msg="Request Completed" logger=context userId=1 orgId=1 uname=admin method=GET path=/logout status=302 remote_addr=[::1] time_ms=10 size=29 referer="http://localhost:3000/?orgId=1"
t=2021-08-13T13:53:35+0530 lvl=info msg="Request Completed" logger=context userId=1 orgId=1 uname=admin method=GET path=/{{team.avatarUrl}} status=404 remote_addr=[::1] time_ms=36 size=24282 referer=http://localhost:3000/profile
t=2021-08-13T14:00:16+0530 lvl=info msg="Request Completed" logger=context userId=1 orgId=1 uname=admin method=GET path=/{{team.avatarUrl}} status=404 remote_addr=[::1] time_ms=397 size=24282 referer=http://localhost:3000/profile
t=2021-08-13T14:02:48+0530 lvl=info msg="Request Completed" logger=context userId=1 orgId=1 uname=admin method=GET path=/{{team.avatarUrl}} status=404 remote_addr=[::1] time_ms=23 size=24282 referer=http://localhost:3000/profile
t=2021-08-13T14:03:34+0530 lvl=info msg="Request Completed" logger=context userId=1 orgId=1 uname=admin method=GET path=/{{team.avatarUrl}} status=404 remote_addr=[::1] time_ms=17 size=24282 referer=http://localhost:3000/profile
t=2021-08-13T14:05:56+0530 lvl=info msg="Request Completed" logger=context userId=0 orgId=0 uname= method=GET path=/ status=302 remote_addr=[::1] time_ms=11 size=29 referer=
t=2021-08-13T15:08:48+0530 lvl=info msg="Request Completed" logger=context userId=1 orgId=1 uname=admin method=GET path=/logout status=302 remote_addr=[::1] time_ms=5 size=29 referer=http://localhost:3000/plugins
t=2021-08-13T15:09:05+0530 lvl=info msg="Request Completed" logger=context userId=1 orgId=1 uname=admin method=PUT path=/api/user/password status=400 remote_addr=[::1] time_ms=23 size=39 referer=http://localhost:3000/login
t=2021-08-13T15:10:06+0530 lvl=eror msg="SMTP not configured, check your grafana.ini config file's [smtp] section." logger=context userId=1 orgId=1 uname=admin error="SMTP not configured, check your grafana.ini config file's [smtp] section."
t=2021-08-13T15:10:06+0530 lvl=info msg="Request Completed" logger=context userId=1 orgId=1 uname=admin method=POST path=/api/org/invites status=412 remote_addr=[::1] time_ms=282 size=87 referer=http://localhost:3000/org/users/invite
t=2021-08-13T15:11:25+0530 lvl=info msg="Request Completed" logger=context userId=1 orgId=1 uname=admin method=GET path=/{{team.avatarUrl}} status=404 remote_addr=[::1] time_ms=16 size=24282 referer=http://localhost:3000/profile
t=2021-08-13T15:11:28+0530 lvl=info msg="Request Completed" logger=context userId=1 orgId=1 uname=admin method=GET path=/logout status=302 remote_addr=[::1] time_ms=16 size=29 referer=http://localhost:3000/profile
t=2021-08-13T15:12:00+0530 lvl=info msg="Request Completed" logger=context userId=2 orgId=1 uname=local method=GET path=/logout status=302 remote_addr=[::1] time_ms=2 size=29 referer=http://localhost:3000/dashboard/snapshots
t=2021-08-13T15:13:09+0530 lvl=info msg="Request Completed" logger=context userId=1 orgId=1 uname=admin method=GET path=/logout status=302 remote_addr=[::1] time_ms=15 size=29 referer=http://localhost:3000/admin/users
t=2021-08-13T15:14:37+0530 lvl=info msg="Request Completed" logger=context userId=3 orgId=1 uname=localedit method=GET path=/logout status=302 remote_addr=[::1] time_ms=5 size=29 referer=http://localhost:3000/dashboard/import
t=2021-08-13T16:16:21+0530 lvl=info msg="Request Completed" logger=context userId=1 orgId=1 uname=admin method=GET path=/logout status=302 remote_addr=[::1] time_ms=4 size=29 referer="http://localhost:3000/?orgId=1"
t=2021-08-13T16:29:49+0530 lvl=info msg="Request Completed" logger=context userId=1 orgId=1 uname=admin method=GET path=/logout status=302 remote_addr=[::1] time_ms=211 size=29 referer=http://localhost:3000/dashboards
